2025-10-02T13:16:26.377-06:00  INFO 14632 --- [Servicios] [restartedMain] M.Servicios.ServiciosApplication         : Starting ServiciosApplication using Java 21.0.8 with PID 14632 (C:\Users\diego\Desktop\Proyecto-Cotizador\Servicios\target\classes started by diego in C:\Users\diego\Desktop\Proyecto-Cotizador\Servicios)
2025-10-02T13:16:26.381-06:00  INFO 14632 --- [Servicios] [restartedMain] M.Servicios.ServiciosApplication         : No active profile set, falling back to 1 default profile: "default"
2025-10-02T13:16:26.490-06:00  INFO 14632 --- [Servicios] [restartedMain] .e.DevToolsPropertyDefaultsPostProcessor : Devtools property defaults active! Set 'spring.devtools.add-properties' to 'false' to disable
2025-10-02T13:16:26.492-06:00  INFO 14632 --- [Servicios] [restartedMain] .e.DevToolsPropertyDefaultsPostProcessor : For additional web related logging consider setting the 'logging.level.web' property to 'DEBUG'
2025-10-02T13:16:27.695-06:00  INFO 14632 --- [Servicios] [restartedMain] .s.d.r.c.RepositoryConfigurationDelegate : Bootstrapping Spring Data JPA repositories in DEFAULT mode.
2025-10-02T13:16:27.798-06:00  INFO 14632 --- [Servicios] [restartedMain] .s.d.r.c.RepositoryConfigurationDelegate : Finished Spring Data repository scanning in 88 ms. Found 2 JPA repository interfaces.
2025-10-02T13:16:28.474-06:00  WARN 14632 --- [Servicios] [restartedMain] ConfigServletWebServerApplicationContext : Exception encountered during context initialization - cancelling refresh attempt: org.springframework.context.ApplicationContextException: Unable to start web server
2025-10-02T13:16:28.487-06:00  INFO 14632 --- [Servicios] [restartedMain] .s.b.a.l.ConditionEvaluationReportLogger : 

Error starting ApplicationContext. To display the condition evaluation report re-run your application with 'debug' enabled.
2025-10-02T13:16:28.522-06:00 ERROR 14632 --- [Servicios] [restartedMain] o.s.b.d.LoggingFailureAnalysisReporter   : 

***************************
APPLICATION FAILED TO START
***************************

Description:

Failed to bind properties under 'server.port' to java.lang.Integer:

    Property: server.port
    Value: "8083  # Se pasa al arrancar"
    Origin: class path resource [application.properties] - 7:13
    Reason: failed to convert java.lang.String to java.lang.Integer (caused by java.lang.NumberFormatException: For input string: "8083#Sepasaalarrancar")

Action:

Update your application's configuration

2025-10-02T13:16:53.235-06:00  INFO 15696 --- [Servicios] [restartedMain] M.Servicios.ServiciosApplication         : Starting ServiciosApplication using Java 21.0.8 with PID 15696 (C:\Users\diego\Desktop\Proyecto-Cotizador\Servicios\target\classes started by diego in C:\Users\diego\Desktop\Proyecto-Cotizador\Servicios)
2025-10-02T13:16:53.240-06:00  INFO 15696 --- [Servicios] [restartedMain] M.Servicios.ServiciosApplication         : No active profile set, falling back to 1 default profile: "default"
2025-10-02T13:16:53.327-06:00  INFO 15696 --- [Servicios] [restartedMain] .e.DevToolsPropertyDefaultsPostProcessor : Devtools property defaults active! Set 'spring.devtools.add-properties' to 'false' to disable
2025-10-02T13:16:53.327-06:00  INFO 15696 --- [Servicios] [restartedMain] .e.DevToolsPropertyDefaultsPostProcessor : For additional web related logging consider setting the 'logging.level.web' property to 'DEBUG'
2025-10-02T13:16:54.573-06:00  INFO 15696 --- [Servicios] [restartedMain] .s.d.r.c.RepositoryConfigurationDelegate : Bootstrapping Spring Data JPA repositories in DEFAULT mode.
2025-10-02T13:16:54.672-06:00  INFO 15696 --- [Servicios] [restartedMain] .s.d.r.c.RepositoryConfigurationDelegate : Finished Spring Data repository scanning in 84 ms. Found 2 JPA repository interfaces.
2025-10-02T13:16:55.716-06:00  INFO 15696 --- [Servicios] [restartedMain] o.s.b.w.embedded.tomcat.TomcatWebServer  : Tomcat initialized with port 8083 (http)
2025-10-02T13:16:55.743-06:00  INFO 15696 --- [Servicios] [restartedMain] o.apache.catalina.core.StandardService   : Starting service [Tomcat]
2025-10-02T13:16:55.744-06:00  INFO 15696 --- [Servicios] [restartedMain] o.apache.catalina.core.StandardEngine    : Starting Servlet engine: [Apache Tomcat/10.1.44]
2025-10-02T13:16:55.813-06:00  INFO 15696 --- [Servicios] [restartedMain] o.a.c.c.C.[Tomcat].[localhost].[/]       : Initializing Spring embedded WebApplicationContext
2025-10-02T13:16:55.814-06:00  INFO 15696 --- [Servicios] [restartedMain] w.s.c.ServletWebServerApplicationContext : Root WebApplicationContext: initialization completed in 2485 ms
2025-10-02T13:16:56.107-06:00  INFO 15696 --- [Servicios] [restartedMain] com.zaxxer.hikari.HikariDataSource       : HikariPool-1 - Starting...
2025-10-02T13:16:57.019-06:00  INFO 15696 --- [Servicios] [restartedMain] com.zaxxer.hikari.pool.HikariPool        : HikariPool-1 - Added connection com.mysql.cj.jdbc.ConnectionImpl@503309c2
2025-10-02T13:16:57.023-06:00  INFO 15696 --- [Servicios] [restartedMain] com.zaxxer.hikari.HikariDataSource       : HikariPool-1 - Start completed.
2025-10-02T13:16:57.120-06:00  INFO 15696 --- [Servicios] [restartedMain] o.hibernate.jpa.internal.util.LogHelper  : HHH000204: Processing PersistenceUnitInfo [name: default]
2025-10-02T13:16:57.208-06:00  INFO 15696 --- [Servicios] [restartedMain] org.hibernate.Version                    : HHH000412: Hibernate ORM core version 6.6.26.Final
2025-10-02T13:16:57.282-06:00  INFO 15696 --- [Servicios] [restartedMain] o.h.c.internal.RegionFactoryInitiator    : HHH000026: Second-level cache disabled
2025-10-02T13:16:57.827-06:00  INFO 15696 --- [Servicios] [restartedMain] o.s.o.j.p.SpringPersistenceUnitInfo      : No LoadTimeWeaver setup: ignoring JPA class transformer
2025-10-02T13:16:58.188-06:00  INFO 15696 --- [Servicios] [restartedMain] org.hibernate.orm.connections.pooling    : HHH10001005: Database info:
	Database JDBC URL [Connecting through datasource 'HikariDataSource (HikariPool-1)']
	Database driver: undefined/unknown
	Database version: 8.0.42
	Autocommit mode: undefined/unknown
	Isolation level: undefined/unknown
	Minimum pool size: undefined/unknown
	Maximum pool size: undefined/unknown
2025-10-02T13:16:59.256-06:00  INFO 15696 --- [Servicios] [restartedMain] o.h.e.t.j.p.i.JtaPlatformInitiator       : HHH000489: No JTA platform available (set 'hibernate.transaction.jta.platform' to enable JTA platform integration)
2025-10-02T13:16:59.262-06:00  INFO 15696 --- [Servicios] [restartedMain] j.LocalContainerEntityManagerFactoryBean : Initialized JPA EntityManagerFactory for persistence unit 'default'
2025-10-02T13:16:59.645-06:00  WARN 15696 --- [Servicios] [restartedMain] .s.s.UserDetailsServiceAutoConfiguration : 

Using generated security password: cdbf82f1-b76e-44bb-9b6e-242505f0582e

This generated password is for development use only. Your security configuration must be updated before running your application in production.

2025-10-02T13:16:59.693-06:00  WARN 15696 --- [Servicios] [restartedMain] JpaBaseConfiguration$JpaWebConfiguration : spring.jpa.open-in-view is enabled by default. Therefore, database queries may be performed during view rendering. Explicitly configure spring.jpa.open-in-view to disable this warning
2025-10-02T13:16:59.751-06:00  INFO 15696 --- [Servicios] [restartedMain] r$InitializeUserDetailsManagerConfigurer : Global AuthenticationManager configured with UserDetailsService bean with name inMemoryUserDetailsManager
2025-10-02T13:17:00.551-06:00  INFO 15696 --- [Servicios] [restartedMain] o.s.b.d.a.OptionalLiveReloadServer       : LiveReload server is running on port 35729
2025-10-02T13:17:00.602-06:00  INFO 15696 --- [Servicios] [restartedMain] o.s.b.w.embedded.tomcat.TomcatWebServer  : Tomcat started on port 8083 (http) with context path '/'
2025-10-02T13:17:00.615-06:00  INFO 15696 --- [Servicios] [restartedMain] M.Servicios.ServiciosApplication         : Started ServiciosApplication in 8.212 seconds (process running for 9.01)
2025-10-02T13:17:16.226-06:00  INFO 15696 --- [Servicios] [http-nio-0.0.0.0-8083-exec-1] o.a.c.c.C.[Tomcat].[localhost].[/]       : Initializing Spring DispatcherServlet 'dispatcherServlet'
2025-10-02T13:17:16.227-06:00  INFO 15696 --- [Servicios] [http-nio-0.0.0.0-8083-exec-1] o.s.web.servlet.DispatcherServlet        : Initializing Servlet 'dispatcherServlet'
2025-10-02T13:17:16.232-06:00  INFO 15696 --- [Servicios] [http-nio-0.0.0.0-8083-exec-1] o.s.web.servlet.DispatcherServlet        : Completed initialization in 4 ms
2025-10-02T13:17:16.279-06:00 ERROR 15696 --- [Servicios] [http-nio-0.0.0.0-8083-exec-1] o.a.c.c.C.[.[.[/].[dispatcherServlet]    : Servlet.service() for servlet [dispatcherServlet] in context with path [] threw exception

java.lang.NullPointerException: Cannot invoke "String.equals(Object)" because "path" is null
	at MS_Servicios.Servicios.security.JwtFilter.doFilterInternal(JwtFilter.java:27) ~[classes/:na]
	at org.springframework.web.filter.OncePerRequestFilter.doFilter(OncePerRequestFilter.java:116) ~[spring-web-6.2.10.jar:6.2.10]
	at org.springframework.security.web.FilterChainProxy$VirtualFilterChain.doFilter(FilterChainProxy.java:374) ~[spring-security-web-6.5.3.jar:6.5.3]
	at org.springframework.security.web.authentication.logout.LogoutFilter.doFilter(LogoutFilter.java:107) ~[spring-security-web-6.5.3.jar:6.5.3]
	at org.springframework.security.web.authentication.logout.LogoutFilter.doFilter(LogoutFilter.java:93) ~[spring-security-web-6.5.3.jar:6.5.3]
	at org.springframework.security.web.FilterChainProxy$VirtualFilterChain.doFilter(FilterChainProxy.java:374) ~[spring-security-web-6.5.3.jar:6.5.3]
	at org.springframework.web.filter.CorsFilter.doFilterInternal(CorsFilter.java:91) ~[spring-web-6.2.10.jar:6.2.10]
	at org.springframework.web.filter.OncePerRequestFilter.doFilter(OncePerRequestFilter.java:116) ~[spring-web-6.2.10.jar:6.2.10]
	at org.springframework.security.web.FilterChainProxy$VirtualFilterChain.doFilter(FilterChainProxy.java:374) ~[spring-security-web-6.5.3.jar:6.5.3]
	at org.springframework.security.web.header.HeaderWriterFilter.doHeadersAfter(HeaderWriterFilter.java:90) ~[spring-security-web-6.5.3.jar:6.5.3]
	at org.springframework.security.web.header.HeaderWriterFilter.doFilterInternal(HeaderWriterFilter.java:75) ~[spring-security-web-6.5.3.jar:6.5.3]
	at org.springframework.web.filter.OncePerRequestFilter.doFilter(OncePerRequestFilter.java:116) ~[spring-web-6.2.10.jar:6.2.10]
	at org.springframework.security.web.FilterChainProxy$VirtualFilterChain.doFilter(FilterChainProxy.java:374) ~[spring-security-web-6.5.3.jar:6.5.3]
	at org.springframework.security.web.context.SecurityContextHolderFilter.doFilter(SecurityContextHolderFilter.java:82) ~[spring-security-web-6.5.3.jar:6.5.3]
	at org.springframework.security.web.context.SecurityContextHolderFilter.doFilter(SecurityContextHolderFilter.java:69) ~[spring-security-web-6.5.3.jar:6.5.3]
	at org.springframework.security.web.FilterChainProxy$VirtualFilterChain.doFilter(FilterChainProxy.java:374) ~[spring-security-web-6.5.3.jar:6.5.3]
	at org.springframework.security.web.context.request.async.WebAsyncManagerIntegrationFilter.doFilterInternal(WebAsyncManagerIntegrationFilter.java:62) ~[spring-security-web-6.5.3.jar:6.5.3]
	at org.springframework.web.filter.OncePerRequestFilter.doFilter(OncePerRequestFilter.java:116) ~[spring-web-6.2.10.jar:6.2.10]
	at org.springframework.security.web.FilterChainProxy$VirtualFilterChain.doFilter(FilterChainProxy.java:374) ~[spring-security-web-6.5.3.jar:6.5.3]
	at org.springframework.security.web.session.DisableEncodeUrlFilter.doFilterInternal(DisableEncodeUrlFilter.java:42) ~[spring-security-web-6.5.3.jar:6.5.3]
	at org.springframework.web.filter.OncePerRequestFilter.doFilter(OncePerRequestFilter.java:116) ~[spring-web-6.2.10.jar:6.2.10]
	at org.springframework.security.web.FilterChainProxy$VirtualFilterChain.doFilter(FilterChainProxy.java:374) ~[spring-security-web-6.5.3.jar:6.5.3]
	at org.springframework.security.web.FilterChainProxy.doFilterInternal(FilterChainProxy.java:233) ~[spring-security-web-6.5.3.jar:6.5.3]
	at org.springframework.security.web.FilterChainProxy.doFilter(FilterChainProxy.java:191) ~[spring-security-web-6.5.3.jar:6.5.3]
	at org.springframework.web.filter.CompositeFilter$VirtualFilterChain.doFilter(CompositeFilter.java:113) ~[spring-web-6.2.10.jar:6.2.10]
	at org.springframework.web.filter.ServletRequestPathFilter.doFilter(ServletRequestPathFilter.java:52) ~[spring-web-6.2.10.jar:6.2.10]
	at org.springframework.web.filter.CompositeFilter$VirtualFilterChain.doFilter(CompositeFilter.java:113) ~[spring-web-6.2.10.jar:6.2.10]
	at org.springframework.web.filter.CompositeFilter.doFilter(CompositeFilter.java:74) ~[spring-web-6.2.10.jar:6.2.10]
	at org.springframework.security.config.annotation.web.configuration.WebSecurityConfiguration$CompositeFilterChainProxy.doFilter(WebSecurityConfiguration.java:319) ~[spring-security-config-6.5.3.jar:6.5.3]
	at org.springframework.web.filter.CompositeFilter$VirtualFilterChain.doFilter(CompositeFilter.java:113) ~[spring-web-6.2.10.jar:6.2.10]
	at org.springframework.web.servlet.handler.HandlerMappingIntrospector.lambda$createCacheFilter$4(HandlerMappingIntrospector.java:267) ~[spring-webmvc-6.2.10.jar:6.2.10]
	at org.springframework.web.filter.CompositeFilter$VirtualFilterChain.doFilter(CompositeFilter.java:113) ~[spring-web-6.2.10.jar:6.2.10]
	at org.springframework.web.filter.CompositeFilter.doFilter(CompositeFilter.java:74) ~[spring-web-6.2.10.jar:6.2.10]
	at org.springframework.security.config.annotation.web.configuration.WebMvcSecurityConfiguration$CompositeFilterChainProxy.doFilter(WebMvcSecurityConfiguration.java:240) ~[spring-security-config-6.5.3.jar:6.5.3]
	at org.springframework.web.filter.DelegatingFilterProxy.invokeDelegate(DelegatingFilterProxy.java:362) ~[spring-web-6.2.10.jar:6.2.10]
	at org.springframework.web.filter.DelegatingFilterProxy.doFilter(DelegatingFilterProxy.java:278) ~[spring-web-6.2.10.jar:6.2.10]
	at org.apache.catalina.core.ApplicationFilterChain.internalDoFilter(ApplicationFilterChain.java:164) ~[tomcat-embed-core-10.1.44.jar:10.1.44]
	at org.apache.catalina.core.ApplicationFilterChain.doFilter(ApplicationFilterChain.java:140) ~[tomcat-embed-core-10.1.44.jar:10.1.44]
	at org.springframework.web.filter.RequestContextFilter.doFilterInternal(RequestContextFilter.java:100) ~[spring-web-6.2.10.jar:6.2.10]
	at org.springframework.web.filter.OncePerRequestFilter.doFilter(OncePerRequestFilter.java:116) ~[spring-web-6.2.10.jar:6.2.10]
	at org.apache.catalina.core.ApplicationFilterChain.internalDoFilter(ApplicationFilterChain.java:164) ~[tomcat-embed-core-10.1.44.jar:10.1.44]
	at org.apache.catalina.core.ApplicationFilterChain.doFilter(ApplicationFilterChain.java:140) ~[tomcat-embed-core-10.1.44.jar:10.1.44]
	at org.springframework.web.filter.FormContentFilter.doFilterInternal(FormContentFilter.java:93) ~[spring-web-6.2.10.jar:6.2.10]
	at org.springframework.web.filter.OncePerRequestFilter.doFilter(OncePerRequestFilter.java:116) ~[spring-web-6.2.10.jar:6.2.10]
	at org.apache.catalina.core.ApplicationFilterChain.internalDoFilter(ApplicationFilterChain.java:164) ~[tomcat-embed-core-10.1.44.jar:10.1.44]
	at org.apache.catalina.core.ApplicationFilterChain.doFilter(ApplicationFilterChain.java:140) ~[tomcat-embed-core-10.1.44.jar:10.1.44]
	at org.springframework.web.filter.CharacterEncodingFilter.doFilterInternal(CharacterEncodingFilter.java:201) ~[spring-web-6.2.10.jar:6.2.10]
	at org.springframework.web.filter.OncePerRequestFilter.doFilter(OncePerRequestFilter.java:116) ~[spring-web-6.2.10.jar:6.2.10]
	at org.apache.catalina.core.ApplicationFilterChain.internalDoFilter(ApplicationFilterChain.java:164) ~[tomcat-embed-core-10.1.44.jar:10.1.44]
	at org.apache.catalina.core.ApplicationFilterChain.doFilter(ApplicationFilterChain.java:140) ~[tomcat-embed-core-10.1.44.jar:10.1.44]
	at org.apache.catalina.core.StandardWrapperValve.invoke(StandardWrapperValve.java:167) ~[tomcat-embed-core-10.1.44.jar:10.1.44]
	at org.apache.catalina.core.StandardContextValve.invoke(StandardContextValve.java:90) ~[tomcat-embed-core-10.1.44.jar:10.1.44]
	at org.apache.catalina.authenticator.AuthenticatorBase.invoke(AuthenticatorBase.java:483) ~[tomcat-embed-core-10.1.44.jar:10.1.44]
	at org.apache.catalina.core.StandardHostValve.invoke(StandardHostValve.java:116) ~[tomcat-embed-core-10.1.44.jar:10.1.44]
	at org.apache.catalina.valves.ErrorReportValve.invoke(ErrorReportValve.java:93) ~[tomcat-embed-core-10.1.44.jar:10.1.44]
	at org.apache.catalina.core.StandardEngineValve.invoke(StandardEngineValve.java:74) ~[tomcat-embed-core-10.1.44.jar:10.1.44]
	at org.apache.catalina.connector.CoyoteAdapter.service(CoyoteAdapter.java:344) ~[tomcat-embed-core-10.1.44.jar:10.1.44]
	at org.apache.coyote.http11.Http11Processor.service(Http11Processor.java:398) ~[tomcat-embed-core-10.1.44.jar:10.1.44]
	at org.apache.coyote.AbstractProcessorLight.process(AbstractProcessorLight.java:63) ~[tomcat-embed-core-10.1.44.jar:10.1.44]
	at org.apache.coyote.AbstractProtocol$ConnectionHandler.process(AbstractProtocol.java:903) ~[tomcat-embed-core-10.1.44.jar:10.1.44]
	at org.apache.tomcat.util.net.NioEndpoint$SocketProcessor.doRun(NioEndpoint.java:1769) ~[tomcat-embed-core-10.1.44.jar:10.1.44]
	at org.apache.tomcat.util.net.SocketProcessorBase.run(SocketProcessorBase.java:52) ~[tomcat-embed-core-10.1.44.jar:10.1.44]
	at org.apache.tomcat.util.threads.ThreadPoolExecutor.runWorker(ThreadPoolExecutor.java:1189) ~[tomcat-embed-core-10.1.44.jar:10.1.44]
	at org.apache.tomcat.util.threads.ThreadPoolExecutor$Worker.run(ThreadPoolExecutor.java:658) ~[tomcat-embed-core-10.1.44.jar:10.1.44]
	at org.apache.tomcat.util.threads.TaskThread$WrappingRunnable.run(TaskThread.java:63) ~[tomcat-embed-core-10.1.44.jar:10.1.44]
	at java.base/java.lang.Thread.run(Thread.java:1583) ~[na:na]

2025-10-02T13:18:02.184-06:00  INFO 15696 --- [Servicios] [SpringApplicationShutdownHook] o.s.b.w.e.tomcat.GracefulShutdown        : Commencing graceful shutdown. Waiting for active requests to complete
2025-10-02T13:18:02.198-06:00  INFO 15696 --- [Servicios] [tomcat-shutdown] o.s.b.w.e.tomcat.GracefulShutdown        : Graceful shutdown complete
2025-10-02T13:18:02.205-06:00  INFO 15696 --- [Servicios] [SpringApplicationShutdownHook] j.LocalContainerEntityManagerFactoryBean : Closing JPA EntityManagerFactory for persistence unit 'default'
2025-10-02T13:18:02.211-06:00  INFO 15696 --- [Servicios] [SpringApplicationShutdownHook] com.zaxxer.hikari.HikariDataSource       : HikariPool-1 - Shutdown initiated...
2025-10-02T13:18:02.228-06:00  INFO 15696 --- [Servicios] [SpringApplicationShutdownHook] com.zaxxer.hikari.HikariDataSource       : HikariPool-1 - Shutdown completed.
2025-10-02T13:18:07.526-06:00  INFO 10668 --- [Servicios] [restartedMain] M.Servicios.ServiciosApplication         : Starting ServiciosApplication using Java 21.0.8 with PID 10668 (C:\Users\diego\Desktop\Proyecto-Cotizador\Servicios\target\classes started by diego in C:\Users\diego\Desktop\Proyecto-Cotizador\Servicios)
2025-10-02T13:18:07.532-06:00  INFO 10668 --- [Servicios] [restartedMain] M.Servicios.ServiciosApplication         : No active profile set, falling back to 1 default profile: "default"
2025-10-02T13:18:07.625-06:00  INFO 10668 --- [Servicios] [restartedMain] .e.DevToolsPropertyDefaultsPostProcessor : Devtools property defaults active! Set 'spring.devtools.add-properties' to 'false' to disable
2025-10-02T13:18:07.626-06:00  INFO 10668 --- [Servicios] [restartedMain] .e.DevToolsPropertyDefaultsPostProcessor : For additional web related logging consider setting the 'logging.level.web' property to 'DEBUG'
2025-10-02T13:18:08.867-06:00  INFO 10668 --- [Servicios] [restartedMain] .s.d.r.c.RepositoryConfigurationDelegate : Bootstrapping Spring Data JPA repositories in DEFAULT mode.
2025-10-02T13:18:08.978-06:00  INFO 10668 --- [Servicios] [restartedMain] .s.d.r.c.RepositoryConfigurationDelegate : Finished Spring Data repository scanning in 94 ms. Found 2 JPA repository interfaces.
2025-10-02T13:18:10.042-06:00  INFO 10668 --- [Servicios] [restartedMain] o.s.b.w.embedded.tomcat.TomcatWebServer  : Tomcat initialized with port 8083 (http)
2025-10-02T13:18:10.070-06:00  INFO 10668 --- [Servicios] [restartedMain] o.apache.catalina.core.StandardService   : Starting service [Tomcat]
2025-10-02T13:18:10.071-06:00  INFO 10668 --- [Servicios] [restartedMain] o.apache.catalina.core.StandardEngine    : Starting Servlet engine: [Apache Tomcat/10.1.44]
2025-10-02T13:18:10.158-06:00  INFO 10668 --- [Servicios] [restartedMain] o.a.c.c.C.[Tomcat].[localhost].[/]       : Initializing Spring embedded WebApplicationContext
2025-10-02T13:18:10.158-06:00  INFO 10668 --- [Servicios] [restartedMain] w.s.c.ServletWebServerApplicationContext : Root WebApplicationContext: initialization completed in 2531 ms
2025-10-02T13:18:10.436-06:00  INFO 10668 --- [Servicios] [restartedMain] com.zaxxer.hikari.HikariDataSource       : HikariPool-1 - Starting...
2025-10-02T13:18:11.318-06:00  INFO 10668 --- [Servicios] [restartedMain] com.zaxxer.hikari.pool.HikariPool        : HikariPool-1 - Added connection com.mysql.cj.jdbc.ConnectionImpl@277dacaf
2025-10-02T13:18:11.322-06:00  INFO 10668 --- [Servicios] [restartedMain] com.zaxxer.hikari.HikariDataSource       : HikariPool-1 - Start completed.
2025-10-02T13:18:11.408-06:00  INFO 10668 --- [Servicios] [restartedMain] o.hibernate.jpa.internal.util.LogHelper  : HHH000204: Processing PersistenceUnitInfo [name: default]
2025-10-02T13:18:11.491-06:00  INFO 10668 --- [Servicios] [restartedMain] org.hibernate.Version                    : HHH000412: Hibernate ORM core version 6.6.26.Final
2025-10-02T13:18:11.570-06:00  INFO 10668 --- [Servicios] [restartedMain] o.h.c.internal.RegionFactoryInitiator    : HHH000026: Second-level cache disabled
2025-10-02T13:18:12.040-06:00  INFO 10668 --- [Servicios] [restartedMain] o.s.o.j.p.SpringPersistenceUnitInfo      : No LoadTimeWeaver setup: ignoring JPA class transformer
2025-10-02T13:18:12.370-06:00  INFO 10668 --- [Servicios] [restartedMain] org.hibernate.orm.connections.pooling    : HHH10001005: Database info:
	Database JDBC URL [Connecting through datasource 'HikariDataSource (HikariPool-1)']
	Database driver: undefined/unknown
	Database version: 8.0.42
	Autocommit mode: undefined/unknown
	Isolation level: undefined/unknown
	Minimum pool size: undefined/unknown
	Maximum pool size: undefined/unknown
2025-10-02T13:18:13.363-06:00  INFO 10668 --- [Servicios] [restartedMain] o.h.e.t.j.p.i.JtaPlatformInitiator       : HHH000489: No JTA platform available (set 'hibernate.transaction.jta.platform' to enable JTA platform integration)
2025-10-02T13:18:13.367-06:00  INFO 10668 --- [Servicios] [restartedMain] j.LocalContainerEntityManagerFactoryBean : Initialized JPA EntityManagerFactory for persistence unit 'default'
2025-10-02T13:18:13.719-06:00  WARN 10668 --- [Servicios] [restartedMain] .s.s.UserDetailsServiceAutoConfiguration : 

Using generated security password: 5e8345e3-c165-43d0-9704-0f41e2e1e9df

This generated password is for development use only. Your security configuration must be updated before running your application in production.

2025-10-02T13:18:13.769-06:00  WARN 10668 --- [Servicios] [restartedMain] JpaBaseConfiguration$JpaWebConfiguration : spring.jpa.open-in-view is enabled by default. Therefore, database queries may be performed during view rendering. Explicitly configure spring.jpa.open-in-view to disable this warning
2025-10-02T13:18:13.825-06:00  INFO 10668 --- [Servicios] [restartedMain] r$InitializeUserDetailsManagerConfigurer : Global AuthenticationManager configured with UserDetailsService bean with name inMemoryUserDetailsManager
2025-10-02T13:18:14.614-06:00  INFO 10668 --- [Servicios] [restartedMain] o.s.b.d.a.OptionalLiveReloadServer       : LiveReload server is running on port 35729
2025-10-02T13:18:14.662-06:00  INFO 10668 --- [Servicios] [restartedMain] o.s.b.w.embedded.tomcat.TomcatWebServer  : Tomcat started on port 8083 (http) with context path '/'
2025-10-02T13:18:14.675-06:00  INFO 10668 --- [Servicios] [restartedMain] M.Servicios.ServiciosApplication         : Started ServiciosApplication in 7.964 seconds (process running for 8.745)
2025-10-02T13:18:20.267-06:00  INFO 10668 --- [Servicios] [http-nio-0.0.0.0-8083-exec-1] o.a.c.c.C.[Tomcat].[localhost].[/]       : Initializing Spring DispatcherServlet 'dispatcherServlet'
2025-10-02T13:18:20.268-06:00  INFO 10668 --- [Servicios] [http-nio-0.0.0.0-8083-exec-1] o.s.web.servlet.DispatcherServlet        : Initializing Servlet 'dispatcherServlet'
2025-10-02T13:18:20.272-06:00  INFO 10668 --- [Servicios] [http-nio-0.0.0.0-8083-exec-1] o.s.web.servlet.DispatcherServlet        : Completed initialization in 2 ms
2025-10-02T13:18:43.936-06:00  INFO 10668 --- [Servicios] [SpringApplicationShutdownHook] o.s.b.w.e.tomcat.GracefulShutdown        : Commencing graceful shutdown. Waiting for active requests to complete
2025-10-02T13:18:43.960-06:00  INFO 10668 --- [Servicios] [tomcat-shutdown] o.s.b.w.e.tomcat.GracefulShutdown        : Graceful shutdown complete
2025-10-02T13:18:43.969-06:00  INFO 10668 --- [Servicios] [SpringApplicationShutdownHook] j.LocalContainerEntityManagerFactoryBean : Closing JPA EntityManagerFactory for persistence unit 'default'
2025-10-02T13:18:43.974-06:00  INFO 10668 --- [Servicios] [SpringApplicationShutdownHook] com.zaxxer.hikari.HikariDataSource       : HikariPool-1 - Shutdown initiated...
2025-10-02T13:18:44.006-06:00  INFO 10668 --- [Servicios] [SpringApplicationShutdownHook] com.zaxxer.hikari.HikariDataSource       : HikariPool-1 - Shutdown completed.
2025-10-02T15:33:20.052-06:00  INFO 9712 --- [Servicios] [restartedMain] M.Servicios.ServiciosApplication         : Starting ServiciosApplication using Java 21.0.8 with PID 9712 (C:\Users\diego\Desktop\Proyecto-Cotizador\Servicios\target\classes started by diego in C:\Users\diego\Desktop\Proyecto-Cotizador\Servicios)
2025-10-02T15:33:20.055-06:00  INFO 9712 --- [Servicios] [restartedMain] M.Servicios.ServiciosApplication         : No active profile set, falling back to 1 default profile: "default"
2025-10-02T15:33:20.125-06:00  INFO 9712 --- [Servicios] [restartedMain] .e.DevToolsPropertyDefaultsPostProcessor : Devtools property defaults active! Set 'spring.devtools.add-properties' to 'false' to disable
2025-10-02T15:33:20.126-06:00  INFO 9712 --- [Servicios] [restartedMain] .e.DevToolsPropertyDefaultsPostProcessor : For additional web related logging consider setting the 'logging.level.web' property to 'DEBUG'
2025-10-02T15:33:21.226-06:00  INFO 9712 --- [Servicios] [restartedMain] .s.d.r.c.RepositoryConfigurationDelegate : Bootstrapping Spring Data JPA repositories in DEFAULT mode.
2025-10-02T15:33:21.341-06:00  INFO 9712 --- [Servicios] [restartedMain] .s.d.r.c.RepositoryConfigurationDelegate : Finished Spring Data repository scanning in 97 ms. Found 2 JPA repository interfaces.
2025-10-02T15:33:22.314-06:00  INFO 9712 --- [Servicios] [restartedMain] o.s.b.w.embedded.tomcat.TomcatWebServer  : Tomcat initialized with port 8083 (http)
2025-10-02T15:33:22.334-06:00  INFO 9712 --- [Servicios] [restartedMain] o.apache.catalina.core.StandardService   : Starting service [Tomcat]
2025-10-02T15:33:22.334-06:00  INFO 9712 --- [Servicios] [restartedMain] o.apache.catalina.core.StandardEngine    : Starting Servlet engine: [Apache Tomcat/10.1.44]
2025-10-02T15:33:22.401-06:00  INFO 9712 --- [Servicios] [restartedMain] o.a.c.c.C.[Tomcat].[localhost].[/]       : Initializing Spring embedded WebApplicationContext
2025-10-02T15:33:22.402-06:00  INFO 9712 --- [Servicios] [restartedMain] w.s.c.ServletWebServerApplicationContext : Root WebApplicationContext: initialization completed in 2274 ms
2025-10-02T15:33:22.746-06:00  INFO 9712 --- [Servicios] [restartedMain] o.hibernate.jpa.internal.util.LogHelper  : HHH000204: Processing PersistenceUnitInfo [name: default]
2025-10-02T15:33:22.836-06:00  INFO 9712 --- [Servicios] [restartedMain] org.hibernate.Version                    : HHH000412: Hibernate ORM core version 6.6.26.Final
2025-10-02T15:33:22.891-06:00  INFO 9712 --- [Servicios] [restartedMain] o.h.c.internal.RegionFactoryInitiator    : HHH000026: Second-level cache disabled
2025-10-02T15:33:23.378-06:00  INFO 9712 --- [Servicios] [restartedMain] o.s.o.j.p.SpringPersistenceUnitInfo      : No LoadTimeWeaver setup: ignoring JPA class transformer
2025-10-02T15:33:23.430-06:00  INFO 9712 --- [Servicios] [restartedMain] com.zaxxer.hikari.HikariDataSource       : HikariPool-1 - Starting...
2025-10-02T15:33:24.247-06:00  INFO 9712 --- [Servicios] [restartedMain] com.zaxxer.hikari.pool.HikariPool        : HikariPool-1 - Added connection com.mysql.cj.jdbc.ConnectionImpl@10e27714
2025-10-02T15:33:24.249-06:00  INFO 9712 --- [Servicios] [restartedMain] com.zaxxer.hikari.HikariDataSource       : HikariPool-1 - Start completed.
2025-10-02T15:33:24.352-06:00  WARN 9712 --- [Servicios] [restartedMain] org.hibernate.orm.deprecation            : HHH90000025: MySQL8Dialect does not need to be specified explicitly using 'hibernate.dialect' (remove the property setting and it will be selected by default)
2025-10-02T15:33:24.354-06:00  WARN 9712 --- [Servicios] [restartedMain] org.hibernate.orm.deprecation            : HHH90000026: MySQL8Dialect has been deprecated; use org.hibernate.dialect.MySQLDialect instead
2025-10-02T15:33:24.377-06:00  INFO 9712 --- [Servicios] [restartedMain] org.hibernate.orm.connections.pooling    : HHH10001005: Database info:
	Database JDBC URL [Connecting through datasource 'HikariDataSource (HikariPool-1)']
	Database driver: undefined/unknown
	Database version: 8.0
	Autocommit mode: undefined/unknown
	Isolation level: undefined/unknown
	Minimum pool size: undefined/unknown
	Maximum pool size: undefined/unknown
2025-10-02T15:33:25.199-06:00  INFO 9712 --- [Servicios] [restartedMain] o.h.e.t.j.p.i.JtaPlatformInitiator       : HHH000489: No JTA platform available (set 'hibernate.transaction.jta.platform' to enable JTA platform integration)
2025-10-02T15:33:25.790-06:00  INFO 9712 --- [Servicios] [restartedMain] j.LocalContainerEntityManagerFactoryBean : Initialized JPA EntityManagerFactory for persistence unit 'default'
2025-10-02T15:33:26.140-06:00  WARN 9712 --- [Servicios] [restartedMain] .s.s.UserDetailsServiceAutoConfiguration : 

Using generated security password: 3ee77a4a-e8ce-462b-95ca-e705695b5f11

This generated password is for development use only. Your security configuration must be updated before running your application in production.

2025-10-02T15:33:26.202-06:00  WARN 9712 --- [Servicios] [restartedMain] JpaBaseConfiguration$JpaWebConfiguration : spring.jpa.open-in-view is enabled by default. Therefore, database queries may be performed during view rendering. Explicitly configure spring.jpa.open-in-view to disable this warning
2025-10-02T15:33:26.259-06:00  INFO 9712 --- [Servicios] [restartedMain] r$InitializeUserDetailsManagerConfigurer : Global AuthenticationManager configured with UserDetailsService bean with name inMemoryUserDetailsManager
2025-10-02T15:33:26.986-06:00  WARN 9712 --- [Servicios] [restartedMain] o.s.b.d.a.OptionalLiveReloadServer       : Unable to start LiveReload server
2025-10-02T15:33:27.033-06:00  INFO 9712 --- [Servicios] [restartedMain] o.s.b.w.embedded.tomcat.TomcatWebServer  : Tomcat started on port 8083 (http) with context path '/'
2025-10-02T15:33:27.045-06:00  INFO 9712 --- [Servicios] [restartedMain] M.Servicios.ServiciosApplication         : Started ServiciosApplication in 7.748 seconds (process running for 8.54)
2025-10-02T15:34:21.386-06:00  INFO 9712 --- [Servicios] [http-nio-0.0.0.0-8083-exec-1] o.a.c.c.C.[Tomcat].[localhost].[/]       : Initializing Spring DispatcherServlet 'dispatcherServlet'
2025-10-02T15:34:21.387-06:00  INFO 9712 --- [Servicios] [http-nio-0.0.0.0-8083-exec-1] o.s.web.servlet.DispatcherServlet        : Initializing Servlet 'dispatcherServlet'
2025-10-02T15:34:21.388-06:00  INFO 9712 --- [Servicios] [http-nio-0.0.0.0-8083-exec-1] o.s.web.servlet.DispatcherServlet        : Completed initialization in 1 ms
2025-10-02T15:35:57.107-06:00  INFO 9712 --- [Servicios] [File Watcher] rtingClassPathChangeChangedEventListener : Restarting due to 23 class path changes (0 additions, 22 deletions, 1 modification)
2025-10-02T15:35:57.114-06:00  INFO 9712 --- [Servicios] [Thread-1] o.s.b.w.e.tomcat.GracefulShutdown        : Commencing graceful shutdown. Waiting for active requests to complete
2025-10-02T15:35:57.130-06:00  INFO 9712 --- [Servicios] [tomcat-shutdown] o.s.b.w.e.tomcat.GracefulShutdown        : Graceful shutdown complete
2025-10-02T15:35:57.137-06:00  INFO 9712 --- [Servicios] [Thread-1] j.LocalContainerEntityManagerFactoryBean : Closing JPA EntityManagerFactory for persistence unit 'default'
2025-10-02T15:35:57.142-06:00  INFO 9712 --- [Servicios] [Thread-1] com.zaxxer.hikari.HikariDataSource       : HikariPool-1 - Shutdown initiated...
2025-10-02T15:35:57.154-06:00  INFO 9712 --- [Servicios] [Thread-1] com.zaxxer.hikari.HikariDataSource       : HikariPool-1 - Shutdown completed.
2025-10-02T15:35:57.319-06:00  INFO 9712 --- [Servicios] [restartedMain] M.Servicios.ServiciosApplication         : Starting ServiciosApplication using Java 21.0.8 with PID 9712 (C:\Users\diego\Desktop\Proyecto-Cotizador\Servicios\target\classes started by diego in C:\Users\diego\Desktop\Proyecto-Cotizador\Servicios)
2025-10-02T15:35:57.320-06:00  INFO 9712 --- [Servicios] [restartedMain] M.Servicios.ServiciosApplication         : No active profile set, falling back to 1 default profile: "default"
2025-10-02T15:35:57.927-06:00  INFO 9712 --- [Servicios] [restartedMain] .s.d.r.c.RepositoryConfigurationDelegate : Bootstrapping Spring Data JPA repositories in DEFAULT mode.
2025-10-02T15:35:57.934-06:00  INFO 9712 --- [Servicios] [restartedMain] .s.d.r.c.RepositoryConfigurationDelegate : Finished Spring Data repository scanning in 1 ms. Found 0 JPA repository interfaces.
2025-10-02T15:35:58.170-06:00  WARN 9712 --- [Servicios] [restartedMain] ConfigServletWebServerApplicationContext : Exception encountered during context initialization - cancelling refresh attempt: org.springframework.context.ApplicationContextException: Unable to start web server
2025-10-02T15:35:58.179-06:00  INFO 9712 --- [Servicios] [restartedMain] .s.b.a.l.ConditionEvaluationReportLogger : 

Error starting ApplicationContext. To display the condition evaluation report re-run your application with 'debug' enabled.
2025-10-02T15:35:58.237-06:00 ERROR 9712 --- [Servicios] [restartedMain] o.s.b.d.LoggingFailureAnalysisReporter   : 

***************************
APPLICATION FAILED TO START
***************************

Description:

Failed to bind properties under 'server.port' to java.lang.Integer:

    Property: server.port
    Value: "${SERVER_PORT}  # Se pasa al arrancar"
    Origin: class path resource [application.properties] - 11:13
    Reason: failed to convert java.lang.String to java.lang.Integer (caused by java.lang.NumberFormatException: For input string: "${SERVER_PORT}#Sepasaalarrancar")

Action:

Update your application's configuration

2025-10-02T15:36:00.748-06:00  INFO 9712 --- [Servicios] [restartedMain] M.Servicios.ServiciosApplication         : Starting ServiciosApplication using Java 21.0.8 with PID 9712 (C:\Users\diego\Desktop\Proyecto-Cotizador\Servicios\target\classes started by diego in C:\Users\diego\Desktop\Proyecto-Cotizador\Servicios)
2025-10-02T15:36:00.748-06:00  INFO 9712 --- [Servicios] [restartedMain] M.Servicios.ServiciosApplication         : No active profile set, falling back to 1 default profile: "default"
2025-10-02T15:36:01.151-06:00  INFO 9712 --- [Servicios] [restartedMain] .s.d.r.c.RepositoryConfigurationDelegate : Bootstrapping Spring Data JPA repositories in DEFAULT mode.
2025-10-02T15:36:01.180-06:00  INFO 9712 --- [Servicios] [restartedMain] .s.d.r.c.RepositoryConfigurationDelegate : Finished Spring Data repository scanning in 27 ms. Found 2 JPA repository interfaces.
2025-10-02T15:36:01.331-06:00  WARN 9712 --- [Servicios] [restartedMain] ConfigServletWebServerApplicationContext : Exception encountered during context initialization - cancelling refresh attempt: org.springframework.context.ApplicationContextException: Unable to start web server
2025-10-02T15:36:01.334-06:00  INFO 9712 --- [Servicios] [restartedMain] .s.b.a.l.ConditionEvaluationReportLogger : 

Error starting ApplicationContext. To display the condition evaluation report re-run your application with 'debug' enabled.
2025-10-02T15:36:01.341-06:00 ERROR 9712 --- [Servicios] [restartedMain] o.s.b.d.LoggingFailureAnalysisReporter   : 

***************************
APPLICATION FAILED TO START
***************************

Description:

Failed to bind properties under 'server.port' to java.lang.Integer:

    Property: server.port
    Value: "${SERVER_PORT}  # Se pasa al arrancar"
    Origin: class path resource [application.properties] - 11:13
    Reason: failed to convert java.lang.String to java.lang.Integer (caused by java.lang.NumberFormatException: For input string: "${SERVER_PORT}#Sepasaalarrancar")

Action:

Update your application's configuration

